Warning: QPainter::begin: Paint device returned engine == 0, type: 1
Warning: QPainter::setPen: Painter not active
Warning: QPainter::setBrush: Painter not active
Warning: QPainter::setRenderHint: Painter must be active to set rendering hints
Warning: QPainter::setPen: Painter not active
Debug: "01:46:35 ..\..\src\bulkeditorcontroller.cpp:192 IT: Set Volume" 
Debug: "01:46:35 ..\..\src\bulkeditorcontroller.cpp:192 IT: Set Volume" 
Debug: "01:46:35 ..\..\src\bulkeditorcontroller.cpp:192 IT: Set Volume" 
Debug: "01:46:35 ..\..\src\bulkeditorcontroller.cpp:192 IT: Set Volume" 
Debug: "01:46:36 ..\..\src\bulkeditorcontroller.cpp:192 IT: Set Volume" 
Debug: "01:46:36 ..\..\src\bulkeditorcontroller.cpp:192 IT: Set Volume" 
Debug: "01:46:36 ..\..\src\bulkeditorcontroller.cpp:192 IT: Set Volume" 
Debug: "01:46:43 ..\..\src\bulkeditorcontroller.cpp:192 IT: Set Pitch" 
Debug: "01:46:43 ..\..\src\bulkeditorcontroller.cpp:192 IT: Set Pitch" 
Debug: "01:46:43 ..\..\src\bulkeditorcontroller.cpp:192 IT: Set Pitch" 
Debug: "01:46:43 ..\..\src\bulkeditorcontroller.cpp:192 IT: Set Pitch" 
Debug: "01:46:43 ..\..\src\bulkeditorcontroller.cpp:192 IT: Set Pitch" 
Debug: "01:46:43 ..\..\src\bulkeditorcontroller.cpp:192 IT: Set Pitch" 
Debug: "01:46:43 ..\..\src\bulkeditorcontroller.cpp:192 IT: Set Pitch" 
Debug: "01:46:43 ..\..\src\bulkeditorcontroller.cpp:192 IT: Set Pitch" 
Debug: "01:46:43 ..\..\src\bulkeditorcontroller.cpp:192 IT: Set Pitch" 
Debug: "01:46:43 ..\..\src\bulkeditorcontroller.cpp:192 IT: Set Pitch" 
Debug: "01:46:43 ..\..\src\bulkeditorcontroller.cpp:192 IT: Set Pitch" 
Debug: "01:46:50 ..\..\src\bulkeditorcontroller.cpp:192 IT: Set Pitch" 
Debug: "01:46:50 ..\..\src\bulkeditorcontroller.cpp:192 IT: Set Pitch" 
Debug: "01:46:50 ..\..\src\bulkeditorcontroller.cpp:192 IT: Set Pitch" 
Debug: "01:46:50 ..\..\src\bulkeditorcontroller.cpp:192 IT: Set Pitch" 
Debug: "01:46:50 ..\..\src\bulkeditorcontroller.cpp:192 IT: Set Pitch" 
Debug: "01:46:50 ..\..\src\bulkeditorcontroller.cpp:192 IT: Set Pitch" 
Debug: "01:46:50 ..\..\src\bulkeditorcontroller.cpp:192 IT: Set Pitch" 
Debug: "01:46:50 ..\..\src\bulkeditorcontroller.cpp:192 IT: Set Pitch" 
Debug: "01:46:50 ..\..\src\bulkeditorcontroller.cpp:192 IT: Set Pitch" 
Debug: "01:46:50 ..\..\src\bulkeditorcontroller.cpp:192 IT: Set Pitch" 
Debug: "01:46:50 ..\..\src\bulkeditorcontroller.cpp:192 IT: Set Pitch" 
Debug: "01:46:50 ..\..\src\bulkeditorcontroller.cpp:192 IT: Set Pitch" 
Debug: "01:46:50 ..\..\src\bulkeditorcontroller.cpp:192 IT: Set Pitch" 
Debug: "01:46:50 ..\..\src\bulkeditorcontroller.cpp:192 IT: Set Pitch" 
Debug: "01:46:50 ..\..\src\bulkeditorcontroller.cpp:192 IT: Set Pitch" 
Debug: "01:46:50 ..\..\src\bulkeditorcontroller.cpp:192 IT: Set Pitch" 
Debug: "01:46:50 ..\..\src\bulkeditorcontroller.cpp:192 IT: Set Pitch" 
Debug: "01:46:50 ..\..\src\bulkeditorcontroller.cpp:192 IT: Set Pitch" 
Debug: "01:46:50 ..\..\src\bulkeditorcontroller.cpp:192 IT: Set Pitch" 
Debug: "01:46:50 ..\..\src\bulkeditorcontroller.cpp:192 IT: Set Pitch" 
Debug: "01:46:50 ..\..\src\bulkeditorcontroller.cpp:192 IT: Set Pitch" 
Debug: "01:46:50 ..\..\src\bulkeditorcontroller.cpp:192 IT: Set Pitch" 
Debug: "01:46:50 ..\..\src\bulkeditorcontroller.cpp:192 IT: Set Pitch" 
Debug: "01:46:50 ..\..\src\bulkeditorcontroller.cpp:192 IT: Set Pitch" 
Debug: "01:46:51 ..\..\src\bulkeditorcontroller.cpp:192 IT: Set Pitch" 
Debug: "01:46:51 ..\..\src\bulkeditorcontroller.cpp:192 IT: Set Pitch" 
Debug: "01:46:51 ..\..\src\bulkeditorcontroller.cpp:192 IT: Set Pitch" 
Debug: "01:46:51 ..\..\src\bulkeditorcontroller.cpp:192 IT: Set Pitch" 
Debug: "01:46:51 ..\..\src\bulkeditorcontroller.cpp:192 IT: Set Pitch" 
Debug: "01:46:51 ..\..\src\bulkeditorcontroller.cpp:192 IT: Set Pitch" 
Debug: "01:46:51 ..\..\src\bulkeditorcontroller.cpp:192 IT: Set Pitch" 
Debug: "01:46:51 ..\..\src\bulkeditorcontroller.cpp:192 IT: Set Pitch" 
Debug: "01:46:51 ..\..\src\bulkeditorcontroller.cpp:192 IT: Set Pitch" 
Debug: "01:46:51 ..\..\src\bulkeditorcontroller.cpp:192 IT: Set Pitch" 
Debug: "01:46:51 ..\..\src\bulkeditorcontroller.cpp:192 IT: Set Pitch" 
Debug: "01:46:51 ..\..\src\bulkeditorcontroller.cpp:192 IT: Set Pitch" 
Debug: "01:46:51 ..\..\src\bulkeditorcontroller.cpp:192 IT: Set Pitch" 
Debug: "01:46:51 ..\..\src\bulkeditorcontroller.cpp:192 IT: Set Pitch" 
Debug: "01:46:51 ..\..\src\bulkeditorcontroller.cpp:192 IT: Set Pitch" 
Debug: "01:46:51 ..\..\src\bulkeditorcontroller.cpp:192 IT: Set Pitch" 
Debug: "01:46:51 ..\..\src\bulkeditorcontroller.cpp:192 IT: Set Pitch" 
Debug: "01:46:51 ..\..\src\bulkeditorcontroller.cpp:192 IT: Set Pitch" 
Debug: "01:46:52 ..\..\src\bulkeditorcontroller.cpp:192 IT: Set Pitch" 
Debug: "01:46:52 ..\..\src\bulkeditorcontroller.cpp:192 IT: Set Pitch" 
Debug: "01:46:54 ..\..\src\bulkeditorcontroller.cpp:192 IT: Set Pitch" 
Debug: "01:46:54 ..\..\src\bulkeditorcontroller.cpp:192 IT: Set Pitch" 
Debug: "01:46:54 ..\..\src\bulkeditorcontroller.cpp:192 IT: Set Pitch" 
Debug: "01:46:54 ..\..\src\bulkeditorcontroller.cpp:192 IT: Set Pitch" 
Debug: "01:46:54 ..\..\src\bulkeditorcontroller.cpp:192 IT: Set Pitch" 
Debug: "01:46:54 ..\..\src\bulkeditorcontroller.cpp:192 IT: Set Pitch" 
Debug: "01:46:54 ..\..\src\bulkeditorcontroller.cpp:192 IT: Set Pitch" 
Debug: "01:46:54 ..\..\src\bulkeditorcontroller.cpp:192 IT: Set Pitch" 
Debug: "01:46:54 ..\..\src\bulkeditorcontroller.cpp:192 IT: Set Pitch" 
Debug: "01:46:54 ..\..\src\bulkeditorcontroller.cpp:192 IT: Set Pitch" 
Debug: "01:46:54 ..\..\src\bulkeditorcontroller.cpp:192 IT: Set Pitch" 
Debug: "01:46:54 ..\..\src\bulkeditorcontroller.cpp:192 IT: Set Pitch" 
Debug: "01:46:55 ..\..\src\bulkeditorcontroller.cpp:192 IT: Set Pitch" 
Debug: "01:46:59 ..\..\src\bulkeditorcontroller.cpp:192 IT: Set Pitch" 
Debug: "01:46:59 ..\..\src\bulkeditorcontroller.cpp:192 IT: Set Pitch" 
Debug: "01:46:59 ..\..\src\bulkeditorcontroller.cpp:192 IT: Set Pitch" 
Debug: "01:46:59 ..\..\src\bulkeditorcontroller.cpp:192 IT: Set Pitch" 
Debug: "01:46:59 ..\..\src\bulkeditorcontroller.cpp:192 IT: Set Pitch" 
Debug: "01:46:59 ..\..\src\bulkeditorcontroller.cpp:192 IT: Set Pitch" 
Debug: "01:46:59 ..\..\src\bulkeditorcontroller.cpp:192 IT: Set Pitch" 
Debug: "01:46:59 ..\..\src\bulkeditorcontroller.cpp:192 IT: Set Pitch" 
Debug: "01:46:59 ..\..\src\bulkeditorcontroller.cpp:192 IT: Set Pitch" 
Debug: "01:46:59 ..\..\src\bulkeditorcontroller.cpp:192 IT: Set Pitch" 
Debug: "01:46:59 ..\..\src\bulkeditorcontroller.cpp:192 IT: Set Pitch" 
Debug: "01:46:59 ..\..\src\bulkeditorcontroller.cpp:192 IT: Set Pitch" 
Debug: "01:46:59 ..\..\src\bulkeditorcontroller.cpp:192 IT: Set Pitch" 
Debug: "01:47:03 ..\..\src\bulkeditorcontroller.cpp:192 IT: Set Pitch Randomization" 
Debug: "01:47:03 ..\..\src\bulkeditorcontroller.cpp:192 IT: Set Pitch Randomization" 
Debug: "01:47:03 ..\..\src\bulkeditorcontroller.cpp:192 IT: Set Pitch Randomization" 
Debug: "01:47:03 ..\..\src\bulkeditorcontroller.cpp:192 IT: Set Pitch Randomization" 
Debug: "01:47:03 ..\..\src\bulkeditorcontroller.cpp:192 IT: Set Pitch Randomization" 
Debug: "01:47:03 ..\..\src\bulkeditorcontroller.cpp:192 IT: Set Pitch Randomization" 
Debug: "01:47:03 ..\..\src\bulkeditorcontroller.cpp:192 IT: Set Pitch Randomization" 
Debug: "01:47:03 ..\..\src\bulkeditorcontroller.cpp:192 IT: Set Pitch Randomization" 
Debug: "01:47:03 ..\..\src\bulkeditorcontroller.cpp:192 IT: Set Pitch Randomization" 
Debug: "01:47:03 ..\..\src\bulkeditorcontroller.cpp:192 IT: Set Pitch Randomization" 
Debug: "01:47:03 ..\..\src\bulkeditorcontroller.cpp:192 IT: Set Pitch Randomization" 
Debug: "01:47:03 ..\..\src\bulkeditorcontroller.cpp:192 IT: Set Pitch Randomization" 
Debug: "01:47:03 ..\..\src\bulkeditorcontroller.cpp:192 IT: Set Pitch Randomization" 
Debug: "01:47:03 ..\..\src\bulkeditorcontroller.cpp:192 IT: Set Pitch Randomization" 
Debug: "01:47:03 ..\..\src\bulkeditorcontroller.cpp:192 IT: Set Pitch Randomization" 
Debug: "01:47:03 ..\..\src\bulkeditorcontroller.cpp:192 IT: Set Pitch Randomization" 
Debug: "01:47:03 ..\..\src\bulkeditorcontroller.cpp:192 IT: Set Pitch Randomization" 
Debug: "01:47:03 ..\..\src\bulkeditorcontroller.cpp:192 IT: Set Pitch Randomization" 
Debug: "01:47:03 ..\..\src\bulkeditorcontroller.cpp:192 IT: Set Pitch Randomization" 
Debug: "01:47:03 ..\..\src\bulkeditorcontroller.cpp:192 IT: Set Pitch Randomization" 
Debug: "01:47:03 ..\..\src\bulkeditorcontroller.cpp:192 IT: Set Pitch Randomization" 
Debug: "01:47:03 ..\..\src\bulkeditorcontroller.cpp:192 IT: Set Pitch Randomization" 
Debug: "01:47:04 ..\..\src\bulkeditorcontroller.cpp:192 IT: Set Pitch Randomization" 
Debug: "01:47:07 ..\..\src\bulkeditorcontroller.cpp:192 IT: Set Pitch Randomization" 
Debug: "01:47:07 ..\..\src\bulkeditorcontroller.cpp:192 IT: Set Pitch Randomization" 
Debug: "01:47:07 ..\..\src\bulkeditorcontroller.cpp:192 IT: Set Pitch Randomization" 
Debug: "01:47:07 ..\..\src\bulkeditorcontroller.cpp:192 IT: Set Pitch Randomization" 
Debug: "01:47:07 ..\..\src\bulkeditorcontroller.cpp:192 IT: Set Pitch Randomization" 
Debug: "01:47:07 ..\..\src\bulkeditorcontroller.cpp:192 IT: Set Pitch Randomization" 
Debug: "01:47:07 ..\..\src\bulkeditorcontroller.cpp:192 IT: Set Pitch Randomization" 
Debug: "01:47:07 ..\..\src\bulkeditorcontroller.cpp:192 IT: Set Pitch Randomization" 
Debug: "01:47:07 ..\..\src\bulkeditorcontroller.cpp:192 IT: Set Pitch Randomization" 
Debug: "01:47:07 ..\..\src\bulkeditorcontroller.cpp:192 IT: Set Pitch Randomization" 
Debug: "01:47:07 ..\..\src\bulkeditorcontroller.cpp:192 IT: Set Pitch Randomization" 
Debug: "01:47:07 ..\..\src\bulkeditorcontroller.cpp:192 IT: Set Pitch Randomization" 
Debug: "01:47:07 ..\..\src\bulkeditorcontroller.cpp:192 IT: Set Pitch Randomization" 
Debug: "01:47:07 ..\..\src\bulkeditorcontroller.cpp:192 IT: Set Pitch Randomization" 
Debug: "01:47:07 ..\..\src\bulkeditorcontroller.cpp:192 IT: Set Pitch Randomization" 
Debug: "01:47:07 ..\..\src\bulkeditorcontroller.cpp:192 IT: Set Pitch Randomization" 
Debug: "01:47:07 ..\..\src\bulkeditorcontroller.cpp:192 IT: Set Pitch Randomization" 
Debug: 
Building project 'ns2plus'...
Debug: Building project E:\Github\NS2-Playground-Balance\audio\ns2plus.fev...
Debug: Unique sound defs 16/37
Debug: Retrieving sound file info...
Debug: Retrieving reverb info...
Debug: FEV file written ok
Debug: Unique Envelope Points: 66 of 185
Debug: Unique Strings: 1603 characters of 1924
Debug: Caching sound file details for ''...
Debug: source\Combat - Kharaa.mp3
Debug: source\Combat - Marine.mp3
Debug: source\acid_rocket_deploy.wav
Debug: source\acidrocketfire.wav
Debug: source\acidrockethit.wav
Debug: source\cannon_fire.wav
Debug: source\cannon_reload.wav
Debug: source\devour_ambience.wav
Debug: source\devour_in.wav
Debug: source\devour_out.wav
Debug: source\knife-hit-1.wav
Debug: source\knife-hit-2.wav
Debug: source\knife_attack1.wav
Debug: source\knife_attack2.wav
Debug: source\knife_deploy.wav
Debug: source\knife_thin_metal.wav
Debug: source\knife_thin_metal2.wav
Debug: source\lmg_draw.wav
Debug: source\lmg_fire.wav
Debug: source\lmg_fire_dropoff.wav
Debug: source\lmg_fire_oneshot.wav
Debug: source\lmg_reload.wav
Debug: source\onos_punch_l.wav
Debug: source\onos_punch_r.wav
Debug: source\reolver_fire.wav
Debug: source\revolver_draw.wav
Debug: source\revolver_reload0.wav
Debug: source\sentry_deploy.wav
Debug: source\sentry_deploy3.wav
Debug: source\vo\mp1.wav
Debug: Building 'NSReforge_bank00.fsb'
Debug: Encoded E:\Github\NS2-Playground-Balance\audio\source\Combat - Marine.mp3
Debug: Encoded E:\Github\NS2-Playground-Balance\audio\source\acid_rocket_deploy.wav
Debug: Encoded E:\Github\NS2-Playground-Balance\audio\source\Combat - Kharaa.mp3
Debug: Encoded E:\Github\NS2-Playground-Balance\audio\source\acidrocketfire.wav
Debug: Encoded E:\Github\NS2-Playground-Balance\audio\source\acidrockethit.wav
Debug: Encoded E:\Github\NS2-Playground-Balance\audio\source\cannon_fire.wav
Debug: Encoded E:\Github\NS2-Playground-Balance\audio\source\cannon_reload.wav
Debug: Encoded E:\Github\NS2-Playground-Balance\audio\source\devour_ambience.wav
Debug: Encoded E:\Github\NS2-Playground-Balance\audio\source\devour_in.wav
Debug: Encoded E:\Github\NS2-Playground-Balance\audio\source\knife-hit-1.wav
Debug: Encoded E:\Github\NS2-Playground-Balance\audio\source\devour_out.wav
Debug: Encoded E:\Github\NS2-Playground-Balance\audio\source\knife-hit-2.wav
Debug: Encoded E:\Github\NS2-Playground-Balance\audio\source\knife_attack1.wav
Debug: Encoded E:\Github\NS2-Playground-Balance\audio\source\knife_attack2.wav
Debug: Encoded E:\Github\NS2-Playground-Balance\audio\source\knife_deploy.wav
Debug: Encoded E:\Github\NS2-Playground-Balance\audio\source\knife_thin_metal2.wav
Debug: Encoded E:\Github\NS2-Playground-Balance\audio\source\knife_thin_metal.wav
Debug: Encoded E:\Github\NS2-Playground-Balance\audio\source\lmg_fire.wav
Debug: Encoded E:\Github\NS2-Playground-Balance\audio\source\lmg_draw.wav
Debug: Encoded E:\Github\NS2-Playground-Balance\audio\source\lmg_fire_dropoff.wav
Debug: Encoded E:\Github\NS2-Playground-Balance\audio\source\lmg_reload.wav
Debug: Encoded E:\Github\NS2-Playground-Balance\audio\source\lmg_fire_oneshot.wav
Debug: Encoded E:\Github\NS2-Playground-Balance\audio\source\onos_punch_l.wav
Debug: Encoded E:\Github\NS2-Playground-Balance\audio\source\reolver_fire.wav
Debug: Encoded E:\Github\NS2-Playground-Balance\audio\source\onos_punch_r.wav
Debug: Encoded E:\Github\NS2-Playground-Balance\audio\source\revolver_draw.wav
Debug: Encoded E:\Github\NS2-Playground-Balance\audio\source\revolver_reload0.wav
Debug: Encoded E:\Github\NS2-Playground-Balance\audio\source\sentry_deploy.wav
Debug: Encoded E:\Github\NS2-Playground-Balance\audio\source\sentry_deploy3.wav
Debug: Encoded E:\Github\NS2-Playground-Balance\audio\source\vo\mp1.wav
Debug: Writing FSB...
Debug: Finished building FSB
Debug: 
Debug: 
Summary of build:
SUCCESS: E:/Github/NS2-Playground-Balance/audio/ns2plus.fev
SUCCESS: NSReforge_bank00.fsb
